#-----------------------------------------------------------
# Vivado v2019.2 (64-bit)
# SW Build 2708876 on Wed Nov  6 21:40:23 MST 2019
# IP Build 2700528 on Thu Nov  7 00:09:20 MST 2019
# Start of session at: Sat Sep 17 20:22:00 2022
# Process ID: 10468
# Current directory: D:/Desktop/9191160D0236王子辉/HardwareDesign
# Command line: vivado.exe -gui_launcher_event rodinguilauncherevent12852 D:\Desktop\9191160D0236王子辉\HardwareDesign\HardwareDesign.xpr
# Log file: D:/Desktop/9191160D0236王子辉/HardwareDesign/vivado.log
# Journal file: D:/Desktop/9191160D0236王子辉/HardwareDesign\vivado.jou
#-----------------------------------------------------------
start_gui
open_project D:/Desktop/9191160D0236王子辉/HardwareDesign/HardwareDesign.xpr
INFO: [Project 1-313] Project file moved from 'E:/VIVADO_Files/HardwareDesign' since last save.
WARNING: [Project 1-312] File not found as 'D:/Desktop/HardwareDesign/HardwareDesign/adder.v'; using path 'E:/HardwareDesign/HardwareDesign/adder.v' instead.
WARNING: [Project 1-312] File not found as 'D:/Desktop/HardwareDesign/HardwareDesign/alu.v'; using path 'E:/HardwareDesign/HardwareDesign/alu.v' instead.
WARNING: [Project 1-312] File not found as 'D:/Desktop/HardwareDesign/HardwareDesign/data_ram.v'; using path 'E:/HardwareDesign/HardwareDesign/data_ram.v' instead.
WARNING: [Project 1-312] File not found as 'D:/Desktop/HardwareDesign/HardwareDesign/inst_rom.v'; using path 'E:/HardwareDesign/HardwareDesign/inst_rom.v' instead.
WARNING: [Project 1-312] File not found as 'D:/Desktop/HardwareDesign/HardwareDesign/regfile.v'; using path 'E:/HardwareDesign/HardwareDesign/regfile.v' instead.
WARNING: [Project 1-312] File not found as 'D:/Desktop/HardwareDesign/HardwareDesign/st1_fetch.v'; using path 'E:/HardwareDesign/HardwareDesign/st1_fetch.v' instead.
WARNING: [Project 1-312] File not found as 'D:/Desktop/HardwareDesign/HardwareDesign/st2_decode.v'; using path 'E:/HardwareDesign/HardwareDesign/st2_decode.v' instead.
WARNING: [Project 1-312] File not found as 'D:/Desktop/HardwareDesign/HardwareDesign/st3_exe.v'; using path 'E:/HardwareDesign/HardwareDesign/st3_exe.v' instead.
WARNING: [Project 1-312] File not found as 'D:/Desktop/HardwareDesign/HardwareDesign/st4_mem.v'; using path 'E:/HardwareDesign/HardwareDesign/st4_mem.v' instead.
WARNING: [Project 1-312] File not found as 'D:/Desktop/HardwareDesign/HardwareDesign/st5_wb.v'; using path 'E:/HardwareDesign/HardwareDesign/st5_wb.v' instead.
WARNING: [Project 1-312] File not found as 'D:/Desktop/HardwareDesign/HardwareDesign/multi_cycle_cpu.v'; using path 'E:/HardwareDesign/HardwareDesign/multi_cycle_cpu.v' instead.
WARNING: [Project 1-312] File not found as 'D:/Desktop/HardwareDesign/HardwareDesign/test_multi_cycle_cpu.v'; using path 'E:/HardwareDesign/HardwareDesign/test_multi_cycle_cpu.v' instead.
Scanning sources...
Finished scanning sources
INFO: [IP_Flow 19-234] Refreshing IP repositories
INFO: [IP_Flow 19-1704] No user IP repositories specified
INFO: [IP_Flow 19-2313] Loaded Vivado IP repository 'D:/Xilinx/Vivado/2019.2/data/ip'.
update_compile_order -fileset sources_1
launch_simulation
Command: launch_simulation 
INFO: [Vivado 12-5682] Launching behavioral simulation in 'D:/Desktop/9191160D0236王子辉/HardwareDesign/HardwareDesign.sim/sim_1/behav/xsim'
INFO: [SIM-utils-51] Simulation object is 'sim_1'
INFO: [SIM-utils-54] Inspecting design source files for 'test_multi_cycle_cpu' in fileset 'sim_1'...
INFO: [USF-XSim-97] Finding global include files...
INFO: [USF-XSim-98] Fetching design files from 'sim_1'...
INFO: [USF-XSim-2] XSim::Compile design
INFO: [USF-XSim-61] Executing 'COMPILE and ANALYZE' step in 'D:/Desktop/9191160D0236王子辉/HardwareDesign/HardwareDesign.sim/sim_1/behav/xsim'
"xvlog --incr --relax -prj test_multi_cycle_cpu_vlog.prj"
INFO: [VRFC 10-2263] Analyzing Verilog file "D:/Desktop/9191160D0236王子辉/HardwareDesign/HardwareDesign.sim/sim_1/behav/xsim/glbl.v" into library xil_defaultlib
INFO: [VRFC 10-311] analyzing module glbl
INFO: [USF-XSim-69] 'compile' step finished in '2' seconds
INFO: [USF-XSim-3] XSim::Elaborate design
INFO: [USF-XSim-61] Executing 'ELABORATE' step in 'D:/Desktop/9191160D0236王子辉/HardwareDesign/HardwareDesign.sim/sim_1/behav/xsim'
"xelab -wto d2eb11f40ed0464a8259b19931d01e4d --incr --debug typical --relax --mt 2 -L xil_defaultlib -L unisims_ver -L unimacro_ver -L secureip --snapshot test_multi_cycle_cpu_behav xil_defaultlib.test_multi_cycle_cpu xil_defaultlib.glbl -log elaborate.log"
Vivado Simulator 2019.2
Copyright 1986-1999, 2001-2019 Xilinx, Inc. All Rights Reserved.
Running: D:/Xilinx/Vivado/2019.2/bin/unwrapped/win64.o/xelab.exe -wto d2eb11f40ed0464a8259b19931d01e4d --incr --debug typical --relax --mt 2 -L xil_defaultlib -L unisims_ver -L unimacro_ver -L secureip --snapshot test_multi_cycle_cpu_behav xil_defaultlib.test_multi_cycle_cpu xil_defaultlib.glbl -log elaborate.log 
Using 2 slave threads.
Starting static elaboration
Pass Through NonSizing Optimizer
WARNING: [VRFC 10-3091] actual bit length 3 differs from formal bit length 32 for port 'display_state' [E:/HardwareDesign/HardwareDesign/test_multi_cycle_cpu.v:31]
WARNING: [VRFC 10-3091] actual bit length 8 differs from formal bit length 5 for port 'addr' [E:/HardwareDesign/HardwareDesign/multi_cycle_cpu.v:277]
Completed static elaboration
Starting simulation data flow analysis
Completed simulation data flow analysis
Time Resolution for simulation is 1ps
Compiling module xil_defaultlib.st1_fetch
Compiling module xil_defaultlib.st2_decode
Compiling module xil_defaultlib.adder
Compiling module xil_defaultlib.alu
Compiling module xil_defaultlib.st3_exe
Compiling module xil_defaultlib.st4_mem
Compiling module xil_defaultlib.st5_wb
Compiling module xil_defaultlib.inst_rom
Compiling module xil_defaultlib.regfile
Compiling module xil_defaultlib.data_ram
Compiling module xil_defaultlib.multi_cycle_cpu
Compiling module xil_defaultlib.test_multi_cycle_cpu
Compiling module xil_defaultlib.glbl
Built simulation snapshot test_multi_cycle_cpu_behav

****** Webtalk v2019.2 (64-bit)
  **** SW Build 2708876 on Wed Nov  6 21:40:23 MST 2019
  **** IP Build 2700528 on Thu Nov  7 00:09:20 MST 2019
    ** Copyright 1986-2019 Xilinx, Inc. All Rights Reserved.

source D:/Desktop/9191160D0236王子辉/HardwareDesign/HardwareDesign.sim/sim_1/behav/xsim/xsim.dir/test_multi_cycle_cpu_behav/webtalk/xsim_webtalk.tcl -notrace
INFO: [Common 17-186] 'D:/Desktop/9191160D0236王子辉/HardwareDesign/HardwareDesign.sim/sim_1/behav/xsim/xsim.dir/test_multi_cycle_cpu_behav/webtalk/usage_statistics_ext_xsim.xml' has been successfully sent to Xilinx on Sat Sep 17 20:22:28 2022. For additional details about this file, please refer to the WebTalk help file at D:/Xilinx/Vivado/2019.2/doc/webtalk_introduction.html.
INFO: [Common 17-206] Exiting Webtalk at Sat Sep 17 20:22:28 2022...
run_program: Time (s): cpu = 00:00:02 ; elapsed = 00:00:07 . Memory (MB): peak = 784.160 ; gain = 0.000
INFO: [USF-XSim-69] 'elaborate' step finished in '7' seconds
INFO: [USF-XSim-4] XSim::Simulate design
INFO: [USF-XSim-61] Executing 'SIMULATE' step in 'D:/Desktop/9191160D0236王子辉/HardwareDesign/HardwareDesign.sim/sim_1/behav/xsim'
INFO: [USF-XSim-98] *** Running xsim
   with args "test_multi_cycle_cpu_behav -key {Behavioral:sim_1:Functional:test_multi_cycle_cpu} -tclbatch {test_multi_cycle_cpu.tcl} -log {simulate.log}"
INFO: [USF-XSim-8] Loading simulator feature
Vivado Simulator 2019.2
Time resolution is 1 ps
source test_multi_cycle_cpu.tcl
# set curr_wave [current_wave_config]
# if { [string length $curr_wave] == 0 } {
#   if { [llength [get_objects]] > 0} {
#     add_wave /
#     set_property needs_save false [current_wave_config]
#   } else {
#      send_msg_id Add_Wave-1 WARNING "No top level signals found. Simulator will start without a wave window. If you want to open a wave window go to 'File->New Waveform Configuration' or type 'create_wave_config' in the TCL console."
#   }
# }
# run 1000ns
INFO: [USF-XSim-96] XSim completed. Design snapshot 'test_multi_cycle_cpu_behav' loaded.
INFO: [USF-XSim-97] XSim simulation ran for 1000ns
launch_simulation: Time (s): cpu = 00:00:07 ; elapsed = 00:00:13 . Memory (MB): peak = 819.207 ; gain = 35.047
close_sim
INFO: [Simtcl 6-16] Simulation closed
exit
INFO: [Common 17-206] Exiting Vivado at Sat Sep 17 20:22:44 2022...
